<?xml version="1.0" encoding="UTF-8"?>
<!-- Generated by org.testng.reporters.JUnitReportReporter -->
<testsuite skipped="0" hostname="DESKTOP-E82NM60" name="selenium.ElixirmainTest" tests="2" failures="0" timestamp="27 Jun 2018 05:05:22 GMT" time="8.369" errors="0">
  <testcase name="login" time="4.008" classname="selenium.ElixirmainTest"/>
  <testcase name="setting" time="4.361" classname="selenium.ElixirmainTest"/>
</testsuite> <!-- selenium.ElixirmainTest -->
