<?xml version="1.0" encoding="UTF-8"?>
<!-- Generated by org.testng.reporters.JUnitReportReporter -->
<testsuite skipped="0" hostname="DESKTOP-E82NM60" name="selenium.ElixirRegistrationTest" tests="2" failures="0" timestamp="27 Jun 2018 05:06:40 GMT" time="8.416" errors="0">
  <testcase name="login" time="3.723" classname="selenium.ElixirRegistrationTest"/>
  <testcase name="setting" time="4.693" classname="selenium.ElixirRegistrationTest"/>
</testsuite> <!-- selenium.ElixirRegistrationTest -->
